# x= #theta [deg] ,  y= dJ/d#Omega(#theta) [GeV^{2} cm^{-5} sr^{-1}]
#      x     y[    sm       <subs>     <cp>       tot     <subs>/tot]
  5.7296e-04     1.46e+26   1.22e+21   2.86e+24   1.49e+26   8.14e-06
  6.5110e-04     1.46e+26   1.22e+21   2.86e+24   1.49e+26   8.14e-06
  7.3991e-04     1.46e+26   1.22e+21   2.86e+24   1.49e+26   8.14e-06
  8.4082e-04     1.46e+26   1.22e+21   2.86e+24   1.49e+26   8.14e-06
  9.5550e-04     1.46e+26   1.22e+21   2.86e+24   1.49e+26   8.14e-06
  1.0858e-03     1.46e+26   1.22e+21   2.86e+24   1.49e+26   8.14e-06
  1.2339e-03     1.46e+26   1.22e+21   2.86e+24   1.49e+26   8.14e-06
  1.4022e-03     1.46e+26   1.22e+21   2.86e+24   1.49e+26   8.14e-06
  1.5934e-03     1.46e+26   1.22e+21   2.86e+24   1.49e+26   8.15e-06
  1.8108e-03     1.46e+26   1.21e+21   2.86e+24   1.49e+26   8.15e-06
  2.0577e-03     1.46e+26   1.21e+21   2.86e+24   1.49e+26   8.16e-06
  2.3384e-03     1.46e+26   1.21e+21   2.85e+24   1.49e+26   8.16e-06
  2.6573e-03     1.46e+26   1.21e+21   2.85e+24   1.49e+26   8.17e-06
  3.0197e-03     1.46e+26   1.21e+21   2.85e+24   1.48e+26   8.18e-06
  3.4316e-03     1.45e+26   1.21e+21   2.84e+24   1.48e+26   8.19e-06
  3.8996e-03     1.45e+26   1.21e+21   2.84e+24   1.48e+26   8.21e-06
  4.4315e-03     1.45e+26   1.21e+21   2.83e+24   1.48e+26   8.23e-06
  5.0359e-03     1.44e+26   1.21e+21   2.82e+24   1.47e+26   8.25e-06
  5.7227e-03     1.43e+26   1.21e+21   2.80e+24   1.46e+26   8.28e-06
  6.5033e-03     1.43e+26   1.21e+21   2.79e+24   1.45e+26   8.33e-06
  7.3902e-03     1.42e+26   1.21e+21   2.77e+24   1.44e+26   8.38e-06
  8.3982e-03     1.40e+26   1.21e+21   2.74e+24   1.43e+26   8.45e-06
  9.5436e-03     1.39e+26   1.21e+21   2.71e+24   1.41e+26   8.55e-06
  1.0845e-02     1.36e+26   1.21e+21   2.67e+24   1.39e+26   8.68e-06
  1.2324e-02     1.34e+26   1.20e+21   2.62e+24   1.36e+26   8.83e-06
  1.4005e-02     1.31e+26   1.20e+21   2.55e+24   1.33e+26   9.03e-06
  1.5915e-02     1.28e+26   1.20e+21   2.50e+24   1.30e+26   9.20e-06
  1.8086e-02     1.24e+26   1.20e+21   2.42e+24   1.26e+26   9.47e-06
  2.0553e-02     1.19e+26   1.19e+21   2.33e+24   1.22e+26   9.80e-06
  2.3356e-02     1.14e+26   1.19e+21   2.23e+24   1.16e+26   1.02e-05
  2.6542e-02     1.08e+26   1.18e+21   2.12e+24   1.11e+26   1.07e-05
  3.0161e-02     1.02e+26   1.17e+21   2.00e+24   1.04e+26   1.12e-05
  3.4275e-02     9.60e+25   1.17e+21   1.88e+24   9.78e+25   1.19e-05
  3.8950e-02     8.94e+25   1.16e+21   1.75e+24   9.11e+25   1.27e-05
  4.4262e-02     8.27e+25   1.15e+21   1.62e+24   8.43e+25   1.36e-05
  5.0299e-02     7.60e+25   1.14e+21   1.48e+24   7.75e+25   1.47e-05
  5.7159e-02     6.95e+25   1.13e+21   1.36e+24   7.09e+25   1.59e-05
  6.4955e-02     6.33e+25   1.11e+21   1.24e+24   6.45e+25   1.72e-05
  7.3814e-02     5.76e+25   1.10e+21   1.13e+24   5.87e+25   1.87e-05
  8.3882e-02     5.18e+25   1.08e+21   1.01e+24   5.28e+25   2.05e-05
  9.5322e-02     4.66e+25   1.07e+21   9.10e+23   4.75e+25   2.25e-05
  1.0832e-01     4.18e+25   1.06e+21   8.16e+23   4.26e+25   2.48e-05
  1.2310e-01     3.73e+25   1.05e+21   7.30e+23   3.81e+25   2.75e-05
  1.3989e-01     3.33e+25   1.03e+21   6.51e+23   3.40e+25   3.04e-05
  1.5896e-01     2.96e+25   1.01e+21   5.79e+23   3.02e+25   3.34e-05
  1.8065e-01     2.63e+25   9.91e+20   5.15e+23   2.68e+25   3.69e-05
  2.0528e-01     2.33e+25   9.86e+20   4.56e+23   2.38e+25   4.14e-05
  2.3328e-01     2.07e+25   9.58e+20   4.04e+23   2.11e+25   4.55e-05
  2.6510e-01     1.83e+25   9.41e+20   3.57e+23   1.86e+25   5.05e-05
  3.0125e-01     1.61e+25   9.23e+20   3.16e+23   1.64e+25   5.61e-05
  3.4234e-01     1.43e+25   9.06e+20   2.81e+23   1.46e+25   6.19e-05
  3.8903e-01     1.25e+25   8.87e+20   2.45e+23   1.28e+25   6.95e-05
  4.4209e-01     1.10e+25   8.69e+20   2.16e+23   1.12e+25   7.75e-05
  5.0239e-01     9.67e+24   8.51e+20   1.90e+23   9.86e+24   8.63e-05
  5.7091e-01     8.48e+24   8.33e+20   1.67e+23   8.65e+24   9.63e-05
  6.4878e-01     7.44e+24   8.15e+20   1.46e+23   7.58e+24   1.07e-04
  7.3726e-01     6.51e+24   7.96e+20   1.28e+23   6.64e+24   1.20e-04
  8.3782e-01     5.69e+24   7.78e+20   1.12e+23   5.81e+24   1.34e-04
  9.5208e-01     4.97e+24   7.60e+20   9.82e+22   5.07e+24   1.50e-04
  1.0819e+00     4.34e+24   7.41e+20   8.58e+22   4.42e+24   1.68e-04
  1.2295e+00     3.78e+24   7.23e+20   7.49e+22   3.85e+24   1.88e-04
  1.3972e+00     3.28e+24   7.04e+20   6.53e+22   3.35e+24   2.10e-04
  1.5878e+00     2.85e+24   6.85e+20   5.68e+22   2.91e+24   2.36e-04
  1.8043e+00     2.47e+24   6.67e+20   4.94e+22   2.52e+24   2.64e-04
  2.0504e+00     2.14e+24   6.48e+20   4.29e+22   2.18e+24   2.97e-04
  2.3300e+00     1.85e+24   6.30e+20   3.72e+22   1.89e+24   3.34e-04
  2.6478e+00     1.59e+24   6.11e+20   3.22e+22   1.63e+24   3.76e-04
  3.0090e+00     1.37e+24   5.92e+20   2.79e+22   1.40e+24   4.24e-04
  3.4193e+00     1.17e+24   5.74e+20   2.40e+22   1.20e+24   4.79e-04
  3.8857e+00     1.01e+24   5.56e+20   2.08e+22   1.03e+24   5.40e-04
  4.4157e+00     8.57e+23   5.37e+20   1.78e+22   8.75e+23   6.14e-04
  5.0179e+00     7.28e+23   5.19e+20   1.52e+22   7.44e+23   6.98e-04
  5.7023e+00     6.17e+23   5.00e+20   1.30e+22   6.30e+23   7.92e-04
  6.4800e+00     5.20e+23   4.81e+20   1.11e+22   5.32e+23   9.04e-04
  7.3638e+00     4.37e+23   4.63e+20   9.45e+21   4.47e+23   1.03e-03
  8.3682e+00     3.66e+23   4.44e+20   8.01e+21   3.74e+23   1.19e-03
  9.5095e+00     3.04e+23   4.26e+20   6.76e+21   3.12e+23   1.37e-03
  1.0806e+01     2.52e+23   4.08e+20   5.72e+21   2.58e+23   1.58e-03
  1.2280e+01     2.07e+23   3.90e+20   4.77e+21   2.13e+23   1.84e-03
  1.3955e+01     1.70e+23   3.72e+20   3.98e+21   1.74e+23   2.14e-03
  1.5859e+01     1.38e+23   3.54e+20   3.31e+21   1.42e+23   2.50e-03
  1.8021e+01     1.11e+23   3.37e+20   2.73e+21   1.14e+23   2.94e-03
  2.0479e+01     9.01e+22   3.19e+20   2.25e+21   9.26e+22   3.45e-03
  2.3273e+01     7.11e+22   3.02e+20   1.84e+21   7.32e+22   4.13e-03
  2.6447e+01     5.62e+22   2.85e+20   1.50e+21   5.80e+22   4.92e-03
  3.0054e+01     4.41e+22   2.63e+20   1.22e+21   4.56e+22   5.78e-03
  3.4153e+01     3.44e+22   2.52e+20   9.81e+20   3.56e+22   7.08e-03
  3.8811e+01     2.66e+22   2.36e+20   7.88e+20   2.76e+22   8.55e-03
  4.4104e+01     2.05e+22   2.20e+20   6.31e+20   2.14e+22   1.03e-02
  5.0119e+01     1.58e+22   2.05e+20   4.86e+20   1.64e+22   1.25e-02
  5.6955e+01     1.21e+22   1.90e+20   4.01e+20   1.27e+22   1.50e-02
  6.4723e+01     9.28e+21   1.77e+20   3.20e+20   9.78e+21   1.81e-02
  7.3550e+01     7.16e+21   1.64e+20   2.55e+20   7.58e+21   2.16e-02
  8.3582e+01     5.57e+21   1.51e+20   2.05e+20   5.93e+21   2.56e-02
  9.4981e+01     4.39e+21   1.40e+20   1.67e+20   4.70e+21   2.97e-02
  1.0794e+02     3.53e+21   1.30e+20   1.38e+20   3.79e+21   3.42e-02
  1.2266e+02     2.92e+21   1.21e+20   1.16e+20   3.15e+21   3.85e-02
  1.3939e+02     2.48e+21   1.15e+20   1.01e+20   2.70e+21   4.25e-02
  1.5840e+02     2.23e+21   1.10e+20   9.12e+19   2.43e+21   4.54e-02
  1.8000e+02     2.14e+21   1.08e+20   8.78e+19   2.33e+21   4.65e-02
