# x= #theta [deg] ,  y= dJ/d#Omega(#theta) [GeV^{2} cm^{-5} sr^{-1}]
#      x     y[    sm       <subs>     <cp>       tot     <subs>/tot]
  5.7296e-04     5.28e+22   4.40e+19   8.00e+19   5.29e+22   8.31e-04
  6.5110e-04     5.28e+22   4.40e+19   8.00e+19   5.29e+22   8.31e-04
  7.3991e-04     5.28e+22   4.40e+19   8.00e+19   5.29e+22   8.31e-04
  8.4082e-04     5.28e+22   4.40e+19   8.00e+19   5.29e+22   8.31e-04
  9.5550e-04     5.28e+22   4.40e+19   8.00e+19   5.29e+22   8.31e-04
  1.0858e-03     5.28e+22   4.40e+19   8.00e+19   5.29e+22   8.31e-04
  1.2339e-03     5.28e+22   4.40e+19   8.00e+19   5.29e+22   8.31e-04
  1.4022e-03     5.28e+22   4.40e+19   8.00e+19   5.29e+22   8.31e-04
  1.5934e-03     5.28e+22   4.40e+19   8.00e+19   5.29e+22   8.31e-04
  1.8108e-03     5.28e+22   4.40e+19   8.00e+19   5.29e+22   8.31e-04
  2.0577e-03     5.28e+22   4.40e+19   8.00e+19   5.29e+22   8.31e-04
  2.3384e-03     5.28e+22   4.40e+19   8.00e+19   5.29e+22   8.31e-04
  2.6573e-03     5.28e+22   4.40e+19   8.00e+19   5.29e+22   8.31e-04
  3.0197e-03     5.28e+22   4.40e+19   8.00e+19   5.29e+22   8.31e-04
  3.4316e-03     5.28e+22   4.40e+19   8.00e+19   5.29e+22   8.31e-04
  3.8996e-03     5.28e+22   4.40e+19   8.00e+19   5.29e+22   8.31e-04
  4.4315e-03     5.28e+22   4.40e+19   8.00e+19   5.29e+22   8.31e-04
  5.0359e-03     5.28e+22   4.40e+19   8.00e+19   5.29e+22   8.31e-04
  5.7227e-03     5.28e+22   4.40e+19   8.00e+19   5.29e+22   8.31e-04
  6.5033e-03     5.28e+22   4.40e+19   8.00e+19   5.29e+22   8.31e-04
  7.3902e-03     5.28e+22   4.40e+19   8.00e+19   5.29e+22   8.31e-04
  8.3982e-03     5.28e+22   4.40e+19   8.00e+19   5.29e+22   8.31e-04
  9.5436e-03     5.28e+22   4.40e+19   8.00e+19   5.29e+22   8.31e-04
  1.0845e-02     5.28e+22   4.40e+19   8.00e+19   5.29e+22   8.31e-04
  1.2324e-02     5.28e+22   4.40e+19   8.00e+19   5.29e+22   8.31e-04
  1.4005e-02     5.28e+22   4.40e+19   8.00e+19   5.29e+22   8.31e-04
  1.5915e-02     5.28e+22   4.40e+19   8.00e+19   5.29e+22   8.31e-04
  1.8086e-02     5.28e+22   4.40e+19   8.00e+19   5.29e+22   8.31e-04
  2.0553e-02     5.28e+22   4.40e+19   8.00e+19   5.29e+22   8.31e-04
  2.3356e-02     5.28e+22   4.40e+19   8.00e+19   5.29e+22   8.31e-04
  2.6542e-02     5.28e+22   4.40e+19   8.00e+19   5.29e+22   8.31e-04
  3.0161e-02     5.28e+22   4.40e+19   8.00e+19   5.29e+22   8.31e-04
  3.4275e-02     5.28e+22   4.40e+19   8.00e+19   5.29e+22   8.31e-04
  3.8950e-02     5.28e+22   4.40e+19   8.00e+19   5.29e+22   8.31e-04
  4.4262e-02     5.28e+22   4.40e+19   8.00e+19   5.29e+22   8.31e-04
  5.0299e-02     5.28e+22   4.40e+19   8.00e+19   5.29e+22   8.31e-04
  5.7159e-02     5.28e+22   4.40e+19   8.00e+19   5.29e+22   8.31e-04
  6.4955e-02     5.28e+22   4.40e+19   8.00e+19   5.29e+22   8.31e-04
  7.3814e-02     5.28e+22   4.40e+19   8.00e+19   5.29e+22   8.31e-04
  8.3882e-02     5.28e+22   4.40e+19   8.00e+19   5.29e+22   8.31e-04
  9.5322e-02     5.28e+22   4.40e+19   8.00e+19   5.29e+22   8.31e-04
  1.0832e-01     5.28e+22   4.40e+19   8.00e+19   5.29e+22   8.31e-04
  1.2310e-01     5.28e+22   4.40e+19   8.00e+19   5.29e+22   8.31e-04
  1.3989e-01     5.28e+22   4.40e+19   8.00e+19   5.29e+22   8.31e-04
  1.5896e-01     5.28e+22   4.40e+19   8.00e+19   5.29e+22   8.31e-04
  1.8065e-01     5.28e+22   4.40e+19   8.00e+19   5.29e+22   8.31e-04
  2.0528e-01     5.28e+22   4.40e+19   8.00e+19   5.29e+22   8.31e-04
  2.3328e-01     5.28e+22   4.40e+19   8.00e+19   5.29e+22   8.31e-04
  2.6510e-01     5.28e+22   4.40e+19   8.00e+19   5.29e+22   8.31e-04
  3.0125e-01     5.28e+22   4.40e+19   8.00e+19   5.29e+22   8.31e-04
  3.4234e-01     5.28e+22   4.40e+19   8.00e+19   5.29e+22   8.31e-04
  3.8903e-01     5.28e+22   4.40e+19   8.00e+19   5.29e+22   8.31e-04
  4.4209e-01     5.27e+22   4.40e+19   8.00e+19   5.29e+22   8.31e-04
  5.0239e-01     5.27e+22   4.40e+19   7.99e+19   5.29e+22   8.32e-04
  5.7091e-01     5.27e+22   4.40e+19   7.99e+19   5.29e+22   8.32e-04
  6.4878e-01     5.27e+22   4.40e+19   7.99e+19   5.28e+22   8.32e-04
  7.3726e-01     5.27e+22   4.40e+19   7.99e+19   5.28e+22   8.32e-04
  8.3782e-01     5.27e+22   4.40e+19   7.99e+19   5.28e+22   8.32e-04
  9.5208e-01     5.27e+22   4.40e+19   7.99e+19   5.28e+22   8.33e-04
  1.0819e+00     5.26e+22   4.40e+19   7.99e+19   5.27e+22   8.33e-04
  1.2295e+00     5.26e+22   4.40e+19   7.99e+19   5.27e+22   8.34e-04
  1.3972e+00     5.25e+22   4.40e+19   7.98e+19   5.27e+22   8.35e-04
  1.5878e+00     5.25e+22   4.40e+19   7.98e+19   5.26e+22   8.36e-04
  1.8043e+00     5.24e+22   4.40e+19   7.97e+19   5.25e+22   8.37e-04
  2.0504e+00     5.23e+22   4.40e+19   7.97e+19   5.24e+22   8.38e-04
  2.3300e+00     5.22e+22   4.40e+19   7.96e+19   5.23e+22   8.40e-04
  2.6478e+00     5.20e+22   4.39e+19   7.95e+19   5.22e+22   8.43e-04
  3.0090e+00     5.19e+22   4.39e+19   7.94e+19   5.20e+22   8.45e-04
  3.4193e+00     5.16e+22   4.39e+19   7.93e+19   5.18e+22   8.49e-04
  3.8857e+00     5.14e+22   4.39e+19   7.91e+19   5.15e+22   8.54e-04
  4.4157e+00     5.10e+22   4.39e+19   7.89e+19   5.11e+22   8.59e-04
  5.0179e+00     5.06e+22   4.39e+19   7.86e+19   5.07e+22   8.66e-04
  5.7023e+00     5.01e+22   4.39e+19   7.83e+19   5.02e+22   8.74e-04
  6.4800e+00     4.95e+22   4.39e+19   7.79e+19   4.96e+22   8.85e-04
  7.3638e+00     4.88e+22   4.39e+19   7.74e+19   4.89e+22   8.98e-04
  8.3682e+00     4.79e+22   4.39e+19   7.67e+19   4.80e+22   9.14e-04
  9.5095e+00     4.69e+22   4.39e+19   7.60e+19   4.70e+22   9.34e-04
  1.0806e+01     4.56e+22   4.39e+19   7.51e+19   4.57e+22   9.59e-04
  1.2280e+01     4.42e+22   4.38e+19   7.39e+19   4.43e+22   9.90e-04
  1.3955e+01     4.24e+22   4.38e+19   7.26e+19   4.26e+22   1.03e-03
  1.5859e+01     4.05e+22   4.38e+19   7.10e+19   4.06e+22   1.08e-03
  1.8021e+01     3.82e+22   4.37e+19   6.91e+19   3.83e+22   1.14e-03
  2.0479e+01     3.57e+22   4.36e+19   6.78e+19   3.58e+22   1.22e-03
  2.3273e+01     3.29e+22   4.36e+19   6.29e+19   3.30e+22   1.32e-03
  2.6447e+01     2.99e+22   4.35e+19   6.13e+19   3.00e+22   1.45e-03
  3.0054e+01     2.67e+22   4.33e+19   5.80e+19   2.68e+22   1.61e-03
  3.4153e+01     2.35e+22   4.32e+19   5.43e+19   2.36e+22   1.83e-03
  3.8811e+01     2.02e+22   4.29e+19   5.03e+19   2.03e+22   2.11e-03
  4.4104e+01     1.71e+22   4.27e+19   4.61e+19   1.72e+22   2.48e-03
  5.0119e+01     1.42e+22   4.24e+19   4.17e+19   1.43e+22   2.96e-03
  5.6955e+01     1.16e+22   4.20e+19   3.73e+19   1.17e+22   3.59e-03
  6.4723e+01     9.39e+21   4.16e+19   3.31e+19   9.46e+21   4.39e-03
  7.3550e+01     7.51e+21   4.10e+19   2.91e+19   7.58e+21   5.41e-03
  8.3582e+01     6.00e+21   4.04e+19   2.54e+19   6.06e+21   6.67e-03
  9.4981e+01     4.81e+21   3.94e+19   2.22e+19   4.88e+21   8.08e-03
  1.0794e+02     3.91e+21   3.87e+19   1.94e+19   3.97e+21   9.76e-03
  1.2266e+02     3.24e+21   3.80e+19   1.72e+19   3.30e+21   1.15e-02
  1.3939e+02     2.79e+21   3.74e+19   1.54e+19   2.84e+21   1.32e-02
  1.5840e+02     2.50e+21   3.69e+19   1.43e+19   2.55e+21   1.45e-02
  1.8000e+02     2.39e+21   3.67e+19   1.39e+19   2.44e+21   1.50e-02
